{
  "RSpec": {
    "coverage": {
      "/home/chiel/code/rails/rspec-sample/config/environment.rb": [
        null,
        1,
        null,
        null,
        1
      ],
      "/home/chiel/code/rails/rspec-sample/config/application.rb": [
        1,
        null,
        1,
        null,
        null,
        null,
        1,
        null,
        1,
        1,
        null,
        1,
        null,
        null,
        null,
        null,
        null,
        null,
        null
      ],
      "/home/chiel/code/rails/rspec-sample/config/boot.rb": [
        1,
        null,
        1,
        1
      ],
      "/home/chiel/code/rails/rspec-sample/config/environments/test.rb": [
        1,
        null,
        null,
        null,
        null,
        null,
        null,
        1,
        null,
        null,
        null,
        null,
        1,
        null,
        null,
        1,
        1,
        null,
        null,
        null,
        null,
        1,
        1,
        null,
        null,
        1,
        null,
        null,
        1,
        null,
        null,
        1,
        null,
        1,
        null,
        null,
        null,
        null,
        1,
        null,
        null,
        1,
        null,
        null,
        null,
        null
      ],
      "/home/chiel/code/rails/rspec-sample/config/initializers/application_controller_renderer.rb": [
        null,
        null,
        null,
        null,
        null,
        null,
        null,
        null
      ],
      "/home/chiel/code/rails/rspec-sample/config/initializers/assets.rb": [
        null,
        null,
        null,
        1,
        null,
        null,
        null,
        null,
        1,
        null,
        null,
        null,
        null,
        null
      ],
      "/home/chiel/code/rails/rspec-sample/config/initializers/backtrace_silencers.rb": [
        null,
        null,
        null,
        null,
        null,
        null,
        null
      ],
      "/home/chiel/code/rails/rspec-sample/config/initializers/content_security_policy.rb": [
        null,
        null,
        null,
        null,
        null,
        null,
        null,
        null,
        null,
        null,
        null,
        null,
        null,
        null,
        null,
        null,
        null,
        null,
        null,
        null,
        null,
        null,
        null,
        null,
        null
      ],
      "/home/chiel/code/rails/rspec-sample/config/initializers/cookies_serializer.rb": [
        null,
        null,
        null,
        null,
        1
      ],
      "/home/chiel/code/rails/rspec-sample/config/initializers/filter_parameter_logging.rb": [
        null,
        null,
        null,
        1
      ],
      "/home/chiel/code/rails/rspec-sample/config/initializers/inflections.rb": [
        null,
        null,
        null,
        null,
        null,
        null,
        null,
        null,
        null,
        null,
        null,
        null,
        null,
        null,
        null,
        null
      ],
      "/home/chiel/code/rails/rspec-sample/config/initializers/mime_types.rb": [
        null,
        null,
        null,
        null
      ],
      "/home/chiel/code/rails/rspec-sample/config/initializers/wrap_parameters.rb": [
        null,
        null,
        null,
        null,
        null,
        null,
        1,
        2,
        null,
        null,
        null,
        null,
        null,
        null
      ],
      "/home/chiel/code/rails/rspec-sample/config/routes.rb": [
        1,
        1,
        null
      ],
      "/home/chiel/code/rails/rspec-sample/app/helpers/application_helper.rb": [
        1,
        null
      ],
      "/home/chiel/code/rails/rspec-sample/app/helpers/post_helper.rb": [
        1,
        1,
        2,
        1,
        null,
        null,
        null
      ],
      "/home/chiel/code/rails/rspec-sample/app/controllers/posts_controller.rb": [
        1,
        1,
        1,
        3,
        null,
        null,
        1,
        null,
        null,
        1,
        4,
        null,
        null,
        1,
        null,
        null,
        1,
        2,
        2,
        1,
        null,
        1,
        null,
        null,
        null,
        1,
        2,
        1,
        null,
        1,
        null,
        null,
        null,
        1,
        1,
        1,
        null,
        0,
        null,
        null,
        null,
        1,
        null,
        1,
        12,
        null,
        null,
        1,
        4,
        null,
        null
      ],
      "/home/chiel/code/rails/rspec-sample/app/controllers/application_controller.rb": [
        1,
        null
      ],
      "/home/chiel/code/rails/rspec-sample/spec/features/posts/create_post_spec.rb": [
        1,
        null,
        1,
        1,
        1,
        null,
        1,
        1,
        1,
        null,
        1,
        null,
        null,
        1,
        1,
        null,
        1,
        1,
        null,
        1,
        null,
        null
      ],
      "/home/chiel/code/rails/rspec-sample/spec/features/posts/destroy_post_spec.rb": [
        1,
        null,
        1,
        1,
        1,
        1,
        null,
        1,
        null,
        1,
        null,
        null
      ],
      "/home/chiel/code/rails/rspec-sample/spec/features/posts/edit_post_spec.rb": [
        1,
        null,
        1,
        1,
        1,
        1,
        null,
        1,
        1,
        null,
        1,
        null,
        null,
        1,
        1,
        1,
        null,
        1,
        1,
        null,
        1,
        null,
        null
      ],
      "/home/chiel/code/rails/rspec-sample/spec/helpers/post_helper_spec.rb": [
        1,
        null,
        1,
        null
      ],
      "/home/chiel/code/rails/rspec-sample/spec/models/post_spec.rb": [
        1,
        null,
        1,
        1,
        1,
        1,
        1,
        null,
        null,
        1,
        1,
        1,
        null,
        null,
        1,
        1,
        1,
        null,
        null,
        null,
        1,
        3,
        1,
        2,
        2,
        2,
        null,
        null,
        1,
        1,
        null,
        null,
        1,
        1,
        null,
        null,
        null
      ],
      "/home/chiel/code/rails/rspec-sample/app/models/post.rb": [
        1,
        1,
        1,
        null,
        2,
        2,
        null
      ],
      "/home/chiel/code/rails/rspec-sample/app/models/application_record.rb": [
        1,
        1,
        null
      ],
      "/home/chiel/code/rails/rspec-sample/spec/views/posts/edit.html.erb_spec.rb": [
        1,
        null,
        1,
        1,
        1,
        null,
        1,
        null,
        1,
        null,
        null
      ],
      "/home/chiel/code/rails/rspec-sample/spec/views/posts/index.html.erb_spec.rb": [
        1,
        null,
        1,
        1,
        1,
        null,
        null,
        null,
        null,
        1,
        null,
        1,
        1,
        null,
        null
      ],
      "/home/chiel/code/rails/rspec-sample/spec/views/posts/show.html.erb_spec.rb": [
        1,
        null,
        1,
        1,
        1,
        null,
        1,
        null,
        1,
        null,
        null
      ]
    },
    "timestamp": 1531213182
  }
}
